[INFO  - 2024-12-12T10:18:54.823Z] GhostDriver - Main - running on port 62004
[INFO  - 2024-12-12T10:18:56.889Z] Session [7f08a430-b872-11ef-9064-5faadbc93e97] - page.settings - {"XSSAuditingEnabled":false,"javascriptCanCloseWindows":true,"javascriptCanOpenWindows":true,"javascriptEnabled":true,"loadImages":false,"localToRemoteUrlAccessEnabled":false,"userAgent":"Mozilla/5.0 (Macintosh; Intel Mac OS X 10_7_3) AppleWebKit/535.20 (KHTML, like Gecko) Chrome/19.0.1036.7 Safari/535.20","webSecurityEnabled":true}
[INFO  - 2024-12-12T10:18:56.889Z] Session [7f08a430-b872-11ef-9064-5faadbc93e97] - page.customHeaders:  - {}
[INFO  - 2024-12-12T10:18:56.889Z] Session [7f08a430-b872-11ef-9064-5faadbc93e97] - Session.negotiatedCapabilities - {"browserName":"phantomjs","version":"2.1.1","driverName":"ghostdriver","driverVersion":"1.2.0","platform":"windows-10-32bit","javascriptEnabled":true,"takesScreenshot":true,"handlesAlerts":false,"databaseEnabled":false,"locationContextEnabled":false,"applicationCacheEnabled":false,"browserConnectionEnabled":false,"cssSelectorsEnabled":true,"webStorageEnabled":false,"rotatable":false,"acceptSslCerts":false,"nativeEvents":true,"proxy":{"proxyType":"direct"},"phantomjs.page.settings.userAgent":"Mozilla/5.0 (Macintosh; Intel Mac OS X 10_7_3) AppleWebKit/535.20 (KHTML, like Gecko) Chrome/19.0.1036.7 Safari/535.20"}
[INFO  - 2024-12-12T10:18:56.889Z] SessionManagerReqHand - _postNewSessionCommand - New Session Created: 7f08a430-b872-11ef-9064-5faadbc93e97
[ERROR - 2024-12-12T10:19:09.593Z] WebElementLocator - _handleLocateCommand - Element(s) NOT Found: GAVE UP. Search Stop Time: 1733998749528

  phantomjs://platform/console++.js:263 in error
[ERROR - 2024-12-12T10:19:10.325Z] WebElementLocator - _handleLocateCommand - Element(s) NOT Found: GAVE UP. Search Stop Time: 1733998750323

  phantomjs://platform/console++.js:263 in error
[ERROR - 2024-12-12T10:19:11.104Z] WebElementLocator - _handleLocateCommand - Element(s) NOT Found: GAVE UP. Search Stop Time: 1733998751054

  phantomjs://platform/console++.js:263 in error
[ERROR - 2024-12-12T10:19:11.884Z] WebElementLocator - _handleLocateCommand - Element(s) NOT Found: GAVE UP. Search Stop Time: 1733998751833

  phantomjs://platform/console++.js:263 in error
[ERROR - 2024-12-12T10:19:12.626Z] WebElementLocator - _handleLocateCommand - Element(s) NOT Found: GAVE UP. Search Stop Time: 1733998752621

  phantomjs://platform/console++.js:263 in error
[ERROR - 2024-12-12T10:19:13.405Z] WebElementLocator - _handleLocateCommand - Element(s) NOT Found: GAVE UP. Search Stop Time: 1733998753353

  phantomjs://platform/console++.js:263 in error
[ERROR - 2024-12-12T10:19:14.183Z] WebElementLocator - _handleLocateCommand - Element(s) NOT Found: GAVE UP. Search Stop Time: 1733998754133

  phantomjs://platform/console++.js:263 in error
[ERROR - 2024-12-12T10:19:14.941Z] WebElementLocator - _handleLocateCommand - Element(s) NOT Found: GAVE UP. Search Stop Time: 1733998754909

  phantomjs://platform/console++.js:263 in error
[ERROR - 2024-12-12T10:19:15.694Z] WebElementLocator - _handleLocateCommand - Element(s) NOT Found: GAVE UP. Search Stop Time: 1733998755670

  phantomjs://platform/console++.js:263 in error
[ERROR - 2024-12-12T10:19:16.498Z] WebElementLocator - _handleLocateCommand - Element(s) NOT Found: GAVE UP. Search Stop Time: 1733998756444

  phantomjs://platform/console++.js:263 in error
[ERROR - 2024-12-12T10:19:17.281Z] WebElementLocator - _handleLocateCommand - Element(s) NOT Found: GAVE UP. Search Stop Time: 1733998757229

  phantomjs://platform/console++.js:263 in error
[ERROR - 2024-12-12T10:19:18.021Z] WebElementLocator - _handleLocateCommand - Element(s) NOT Found: GAVE UP. Search Stop Time: 1733998758018

  phantomjs://platform/console++.js:263 in error
[ERROR - 2024-12-12T10:19:18.789Z] WebElementLocator - _handleLocateCommand - Element(s) NOT Found: GAVE UP. Search Stop Time: 1733998758767

  phantomjs://platform/console++.js:263 in error
[ERROR - 2024-12-12T10:19:19.581Z] WebElementLocator - _handleLocateCommand - Element(s) NOT Found: GAVE UP. Search Stop Time: 1733998759522

  phantomjs://platform/console++.js:263 in error
[ERROR - 2024-12-12T10:19:20.323Z] WebElementLocator - _handleLocateCommand - Element(s) NOT Found: GAVE UP. Search Stop Time: 1733998760320

  phantomjs://platform/console++.js:263 in error
[ERROR - 2024-12-12T10:19:21.076Z] WebElementLocator - _handleLocateCommand - Element(s) NOT Found: GAVE UP. Search Stop Time: 1733998761064

  phantomjs://platform/console++.js:263 in error
[ERROR - 2024-12-12T10:19:21.824Z] WebElementLocator - _handleLocateCommand - Element(s) NOT Found: GAVE UP. Search Stop Time: 1733998761804

  phantomjs://platform/console++.js:263 in error
[ERROR - 2024-12-12T10:19:22.628Z] WebElementLocator - _handleLocateCommand - Element(s) NOT Found: GAVE UP. Search Stop Time: 1733998762565

  phantomjs://platform/console++.js:263 in error
[ERROR - 2024-12-12T10:19:23.404Z] WebElementLocator - _handleLocateCommand - Element(s) NOT Found: GAVE UP. Search Stop Time: 1733998763402

  phantomjs://platform/console++.js:263 in error
[ERROR - 2024-12-12T10:19:24.176Z] WebElementLocator - _handleLocateCommand - Element(s) NOT Found: GAVE UP. Search Stop Time: 1733998764146

  phantomjs://platform/console++.js:263 in error
[ERROR - 2024-12-12T10:19:34.875Z] WebElementLocator - _handleLocateCommand - Element(s) NOT Found: GAVE UP. Search Stop Time: 1733998774871

  phantomjs://platform/console++.js:263 in error
[ERROR - 2024-12-12T10:19:35.647Z] WebElementLocator - _handleLocateCommand - Element(s) NOT Found: GAVE UP. Search Stop Time: 1733998775611

  phantomjs://platform/console++.js:263 in error
[ERROR - 2024-12-12T10:19:36.378Z] WebElementLocator - _handleLocateCommand - Element(s) NOT Found: GAVE UP. Search Stop Time: 1733998776371

  phantomjs://platform/console++.js:263 in error
[ERROR - 2024-12-12T10:19:37.161Z] WebElementLocator - _handleLocateCommand - Element(s) NOT Found: GAVE UP. Search Stop Time: 1733998777126

  phantomjs://platform/console++.js:263 in error
[ERROR - 2024-12-12T10:19:37.908Z] WebElementLocator - _handleLocateCommand - Element(s) NOT Found: GAVE UP. Search Stop Time: 1733998777905

  phantomjs://platform/console++.js:263 in error
[ERROR - 2024-12-12T10:19:38.652Z] WebElementLocator - _handleLocateCommand - Element(s) NOT Found: GAVE UP. Search Stop Time: 1733998778651

  phantomjs://platform/console++.js:263 in error
[ERROR - 2024-12-12T10:19:39.395Z] WebElementLocator - _handleLocateCommand - Element(s) NOT Found: GAVE UP. Search Stop Time: 1733998779390

  phantomjs://platform/console++.js:263 in error
[ERROR - 2024-12-12T10:19:40.180Z] WebElementLocator - _handleLocateCommand - Element(s) NOT Found: GAVE UP. Search Stop Time: 1733998780133

  phantomjs://platform/console++.js:263 in error
[ERROR - 2024-12-12T10:19:40.920Z] WebElementLocator - _handleLocateCommand - Element(s) NOT Found: GAVE UP. Search Stop Time: 1733998780919

  phantomjs://platform/console++.js:263 in error
[ERROR - 2024-12-12T10:19:41.682Z] WebElementLocator - _handleLocateCommand - Element(s) NOT Found: GAVE UP. Search Stop Time: 1733998781661

  phantomjs://platform/console++.js:263 in error
[ERROR - 2024-12-12T10:19:42.484Z] WebElementLocator - _handleLocateCommand - Element(s) NOT Found: GAVE UP. Search Stop Time: 1733998782422

  phantomjs://platform/console++.js:263 in error
[ERROR - 2024-12-12T10:19:43.222Z] WebElementLocator - _handleLocateCommand - Element(s) NOT Found: GAVE UP. Search Stop Time: 1733998783215

  phantomjs://platform/console++.js:263 in error
[ERROR - 2024-12-12T10:19:43.963Z] WebElementLocator - _handleLocateCommand - Element(s) NOT Found: GAVE UP. Search Stop Time: 1733998783958

  phantomjs://platform/console++.js:263 in error
[ERROR - 2024-12-12T10:19:44.784Z] WebElementLocator - _handleLocateCommand - Element(s) NOT Found: GAVE UP. Search Stop Time: 1733998784725

  phantomjs://platform/console++.js:263 in error
[ERROR - 2024-12-12T10:19:45.588Z] WebElementLocator - _handleLocateCommand - Element(s) NOT Found: GAVE UP. Search Stop Time: 1733998785522

  phantomjs://platform/console++.js:263 in error
[ERROR - 2024-12-12T10:19:46.337Z] WebElementLocator - _handleLocateCommand - Element(s) NOT Found: GAVE UP. Search Stop Time: 1733998786332

  phantomjs://platform/console++.js:263 in error
[ERROR - 2024-12-12T10:19:47.101Z] WebElementLocator - _handleLocateCommand - Element(s) NOT Found: GAVE UP. Search Stop Time: 1733998787063

  phantomjs://platform/console++.js:263 in error
[ERROR - 2024-12-12T10:19:47.846Z] WebElementLocator - _handleLocateCommand - Element(s) NOT Found: GAVE UP. Search Stop Time: 1733998787840

  phantomjs://platform/console++.js:263 in error
[ERROR - 2024-12-12T10:19:48.640Z] WebElementLocator - _handleLocateCommand - Element(s) NOT Found: GAVE UP. Search Stop Time: 1733998788587

  phantomjs://platform/console++.js:263 in error
[ERROR - 2024-12-12T10:19:49.390Z] WebElementLocator - _handleLocateCommand - Element(s) NOT Found: GAVE UP. Search Stop Time: 1733998789385

  phantomjs://platform/console++.js:263 in error
[ERROR - 2024-12-12T10:19:58.777Z] WebElementLocator - _handleLocateCommand - Element(s) NOT Found: GAVE UP. Search Stop Time: 1733998798724

  phantomjs://platform/console++.js:263 in error
[ERROR - 2024-12-12T10:19:59.553Z] WebElementLocator - _handleLocateCommand - Element(s) NOT Found: GAVE UP. Search Stop Time: 1733998799523

  phantomjs://platform/console++.js:263 in error
[ERROR - 2024-12-12T10:20:00.340Z] WebElementLocator - _handleLocateCommand - Element(s) NOT Found: GAVE UP. Search Stop Time: 1733998800279

  phantomjs://platform/console++.js:263 in error
[ERROR - 2024-12-12T10:20:01.136Z] WebElementLocator - _handleLocateCommand - Element(s) NOT Found: GAVE UP. Search Stop Time: 1733998801087

  phantomjs://platform/console++.js:263 in error
[ERROR - 2024-12-12T10:20:01.909Z] WebElementLocator - _handleLocateCommand - Element(s) NOT Found: GAVE UP. Search Stop Time: 1733998801876

  phantomjs://platform/console++.js:263 in error
[ERROR - 2024-12-12T10:20:02.656Z] WebElementLocator - _handleLocateCommand - Element(s) NOT Found: GAVE UP. Search Stop Time: 1733998802641

  phantomjs://platform/console++.js:263 in error
[ERROR - 2024-12-12T10:20:03.446Z] WebElementLocator - _handleLocateCommand - Element(s) NOT Found: GAVE UP. Search Stop Time: 1733998803389

  phantomjs://platform/console++.js:263 in error
[ERROR - 2024-12-12T10:20:04.186Z] WebElementLocator - _handleLocateCommand - Element(s) NOT Found: GAVE UP. Search Stop Time: 1733998804185

  phantomjs://platform/console++.js:263 in error
[ERROR - 2024-12-12T10:20:04.960Z] WebElementLocator - _handleLocateCommand - Element(s) NOT Found: GAVE UP. Search Stop Time: 1733998804913

  phantomjs://platform/console++.js:263 in error
[ERROR - 2024-12-12T10:20:05.719Z] WebElementLocator - _handleLocateCommand - Element(s) NOT Found: GAVE UP. Search Stop Time: 1733998805698

  phantomjs://platform/console++.js:263 in error
[ERROR - 2024-12-12T10:20:06.536Z] WebElementLocator - _handleLocateCommand - Element(s) NOT Found: GAVE UP. Search Stop Time: 1733998806466

  phantomjs://platform/console++.js:263 in error
[ERROR - 2024-12-12T10:20:07.298Z] WebElementLocator - _handleLocateCommand - Element(s) NOT Found: GAVE UP. Search Stop Time: 1733998807279

  phantomjs://platform/console++.js:263 in error
[ERROR - 2024-12-12T10:20:08.094Z] WebElementLocator - _handleLocateCommand - Element(s) NOT Found: GAVE UP. Search Stop Time: 1733998808028

  phantomjs://platform/console++.js:263 in error
[ERROR - 2024-12-12T10:20:08.842Z] WebElementLocator - _handleLocateCommand - Element(s) NOT Found: GAVE UP. Search Stop Time: 1733998808819

  phantomjs://platform/console++.js:263 in error
[ERROR - 2024-12-12T10:20:09.595Z] WebElementLocator - _handleLocateCommand - Element(s) NOT Found: GAVE UP. Search Stop Time: 1733998809591

  phantomjs://platform/console++.js:263 in error
[ERROR - 2024-12-12T10:20:10.366Z] WebElementLocator - _handleLocateCommand - Element(s) NOT Found: GAVE UP. Search Stop Time: 1733998810329

  phantomjs://platform/console++.js:263 in error
[ERROR - 2024-12-12T10:20:11.102Z] WebElementLocator - _handleLocateCommand - Element(s) NOT Found: GAVE UP. Search Stop Time: 1733998811100

  phantomjs://platform/console++.js:263 in error
[ERROR - 2024-12-12T10:20:11.891Z] WebElementLocator - _handleLocateCommand - Element(s) NOT Found: GAVE UP. Search Stop Time: 1733998811837

  phantomjs://platform/console++.js:263 in error
[ERROR - 2024-12-12T10:20:12.671Z] WebElementLocator - _handleLocateCommand - Element(s) NOT Found: GAVE UP. Search Stop Time: 1733998812618

  phantomjs://platform/console++.js:263 in error
[ERROR - 2024-12-12T10:20:13.432Z] WebElementLocator - _handleLocateCommand - Element(s) NOT Found: GAVE UP. Search Stop Time: 1733998813413

  phantomjs://platform/console++.js:263 in error
